2026-06-04 23:30:49,854 [INFO] HTTP Request: GET https://huggingface.co/api/models/microsoft/trocr-base-handwritten/tree/main/additional_chat_templates?recursive=false&expand=false "HTTP/1.1 404 Not Found"
2026-06-04 23:30:50,015 [INFO] HTTP Request: HEAD https://huggingface.co/microsoft/trocr-base-handwritten/resolve/main/processor_config.json "HTTP/1.1 404 Not Found"
Warning: You are sending unauthenticated requests to the HF Hub. Please set a HF_TOKEN to enable higher rate limits and faster downloads.
2026-06-04 23:30:50,016 [WARNING] Warning: You are sending unauthenticated requests to the HF Hub. Please set a HF_TOKEN to enable higher rate limits and faster downloads.
2026-06-04 23:30:50,178 [INFO] HTTP Request: HEAD https://huggingface.co/microsoft/trocr-base-handwritten/resolve/main/chat_template.json "HTTP/1.1 404 Not Found"
2026-06-04 23:30:50,338 [INFO] HTTP Request: HEAD https://huggingface.co/microsoft/trocr-base-handwritten/resolve/main/chat_template.jinja "HTTP/1.1 404 Not Found"
2026-06-04 23:30:50,499 [INFO] HTTP Request: HEAD https://huggingface.co/microsoft/trocr-base-handwritten/resolve/main/audio_tokenizer_config.json "HTTP/1.1 404 Not Found"
2026-06-04 23:30:50,661 [INFO] HTTP Request: HEAD https://huggingface.co/microsoft/trocr-base-handwritten/resolve/main/processor_config.json "HTTP/1.1 404 Not Found"
2026-06-04 23:30:50,849 [INFO] HTTP Request: HEAD https://huggingface.co/microsoft/trocr-base-handwritten/resolve/main/preprocessor_config.json "HTTP/1.1 307 Temporary Redirect"
2026-06-04 23:30:50,921 [INFO] HTTP Request: HEAD https://huggingface.co/api/resolve-cache/models/microsoft/trocr-base-handwritten/eaacaf452b06415df8f10bb6fad3a4c11e609406/preprocessor_config.json "HTTP/1.1 200 OK"
2026-06-04 23:30:51,110 [INFO] HTTP Request: HEAD https://huggingface.co/microsoft/trocr-base-handwritten/resolve/main/processor_config.json "HTTP/1.1 404 Not Found"
2026-06-04 23:30:51,266 [INFO] HTTP Request: HEAD https://huggingface.co/microsoft/trocr-base-handwritten/resolve/main/preprocessor_config.json "HTTP/1.1 307 Temporary Redirect"
2026-06-04 23:30:51,338 [INFO] HTTP Request: HEAD https://huggingface.co/api/resolve-cache/models/microsoft/trocr-base-handwritten/eaacaf452b06415df8f10bb6fad3a4c11e609406/preprocessor_config.json "HTTP/1.1 200 OK"
2026-06-04 23:30:51,520 [INFO] HTTP Request: HEAD https://huggingface.co/microsoft/trocr-base-handwritten/resolve/main/config.json "HTTP/1.1 307 Temporary Redirect"
2026-06-04 23:30:51,593 [INFO] HTTP Request: HEAD https://huggingface.co/api/resolve-cache/models/microsoft/trocr-base-handwritten/eaacaf452b06415df8f10bb6fad3a4c11e609406/config.json "HTTP/1.1 200 OK"
2026-06-04 23:30:51,764 [INFO] HTTP Request: HEAD https://huggingface.co/microsoft/trocr-base-handwritten/resolve/main/tokenizer_config.json "HTTP/1.1 307 Temporary Redirect"
2026-06-04 23:30:51,837 [INFO] HTTP Request: HEAD https://huggingface.co/api/resolve-cache/models/microsoft/trocr-base-handwritten/eaacaf452b06415df8f10bb6fad3a4c11e609406/tokenizer_config.json "HTTP/1.1 200 OK"
2026-06-04 23:30:52,009 [INFO] HTTP Request: GET https://huggingface.co/api/models/microsoft/trocr-base-handwritten/tree/main/additional_chat_templates?recursive=false&expand=false "HTTP/1.1 404 Not Found"
2026-06-04 23:30:52,171 [INFO] HTTP Request: GET https://huggingface.co/api/models/microsoft/trocr-base-handwritten/tree/main?recursive=true&expand=false "HTTP/1.1 200 OK"
2026-06-04 23:30:52,410 [INFO] HTTP Request: HEAD https://huggingface.co/microsoft/trocr-base-handwritten/resolve/main/config.json "HTTP/1.1 307 Temporary Redirect"
2026-06-04 23:30:52,482 [INFO] HTTP Request: HEAD https://huggingface.co/api/resolve-cache/models/microsoft/trocr-base-handwritten/eaacaf452b06415df8f10bb6fad3a4c11e609406/config.json "HTTP/1.1 200 OK"
2026-06-04 23:30:52,646 [INFO] HTTP Request: HEAD https://huggingface.co/microsoft/trocr-base-handwritten/resolve/main/model.safetensors "HTTP/1.1 302 Found"
============================================================
  HCR4 — Finetuning TrOCR sur ordonnances médicales
============================================================

📌 Device : cpu

📥 Chargement du modèle de base : microsoft/trocr-base-handwritten...
Loading weights:   0%|          | 0/478 [00:00<?, ?it/s]Loading weights:  80%|███████▉  | 381/478 [00:00<00:00, 3754.69it/s]Loading weights: 100%|██████████| 478/478 [00:00<00:00, 3833.04it/s]
[transformers] [1mVisionEncoderDecoderModel LOAD REPORT[0m from: microsoft/trocr-base-handwritten
Key                         | Status  | 
----------------------------+---------+-
encoder.pooler.dense.weight | MISSING | 
encoder.pooler.dense.bias   | MISSING | 

Notes:
- MISSING:	those params were newly initialized because missing from the checkpoint. Consider training on your downstream task.
2026-06-04 23:30:53,081 [INFO] HTTP Request: HEAD https://huggingface.co/microsoft/trocr-base-handwritten/resolve/main/generation_config.json "HTTP/1.1 307 Temporary Redirect"
2026-06-04 23:30:53,153 [INFO] HTTP Request: HEAD https://huggingface.co/api/resolve-cache/models/microsoft/trocr-base-handwritten/eaacaf452b06415df8f10bb6fad3a4c11e609406/generation_config.json "HTTP/1.1 200 OK"
[transformers] The tokenizer has new PAD/BOS/EOS tokens that differ from the model config and generation config. The model config and generation config were aligned accordingly, being updated with the tokenizer's values. Updated tokens: {'bos_token_id': 0}.

📊 Préparation des jeux de données...
   Entraînement : 87 images
   Évaluation   : 16 images

🚀 Début du finetuning (10 époques, batch effectif = 16)...

  0%|          | 0/60 [00:00<?, ?it/s]/home/am/.local/lib/python3.13/site-packages/torch/utils/data/dataloader.py:1118: UserWarning: 'pin_memory' argument is set as true but no accelerator is found, then device pinned memory won't be used.
  super().__init__(loader)
